
bitinit version Xilinx EDK 14.5 Build EDK_P.58f
Copyright (c) Xilinx Inc. 2002.

Parsing MHS File spi_ctrl.mhs...

Overriding IP level properties ...

Computing clock values...
INFO:EDK:740 - Cannot determine the input clock associated with port :
   ilmb_cntlr:BRAM_Clk_A. Clock DRCs will not be performed on this core and
   cores connected to it. 
INFO:EDK:740 - Cannot determine the input clock associated with port :
   dlmb_cntlr:BRAM_Clk_A. Clock DRCs will not be performed on this core and
   cores connected to it. 

Performing IP level DRCs on properties...

Running DRC Tcl procedures for OPTION IPLEVEL_DRC_PROC...
Address Map for Processor microblaze_0
  (0000000000-0x0000ffff) dlmb_cntlr	dlmb
  (0000000000-0x0000ffff) ilmb_cntlr	ilmb
  (0x81400000-0x8140ffff) Generic_GPIO	mb_plb
  (0x83400000-0x8340ffff) Generic_SPI	mb_plb
  (0x84000000-0x8400ffff) RS232	mb_plb
  (0x84400000-0x8440ffff) mdm_0	mb_plb
INFO:EDK:4130 - IPNAME: plb_v46, INSTANCE:mb_plb - tool is overriding PARAMETER
   C_PLBV46_NUM_MASTERS value to 2 -
   E:\Xilinx\14.5\ISE_DS\EDK\hw\XilinxProcessorIPLib\pcores\plb_v46_v1_05_a\data
   \plb_v46_v2_1_0.mpd line 79 
INFO:EDK:4130 - IPNAME: plb_v46, INSTANCE:mb_plb - tool is overriding PARAMETER
   C_PLBV46_NUM_SLAVES value to 4 -
   E:\Xilinx\14.5\ISE_DS\EDK\hw\XilinxProcessorIPLib\pcores\plb_v46_v1_05_a\data
   \plb_v46_v2_1_0.mpd line 80 
INFO:EDK:4130 - IPNAME: plb_v46, INSTANCE:mb_plb - tool is overriding PARAMETER
   C_PLBV46_MID_WIDTH value to 1 -
   E:\Xilinx\14.5\ISE_DS\EDK\hw\XilinxProcessorIPLib\pcores\plb_v46_v1_05_a\data
   \plb_v46_v2_1_0.mpd line 81 
INFO:EDK:4130 - IPNAME: plb_v46, INSTANCE:mb_plb - tool is overriding PARAMETER
   C_PLBV46_DWIDTH value to 32 -
   E:\Xilinx\14.5\ISE_DS\EDK\hw\XilinxProcessorIPLib\pcores\plb_v46_v1_05_a\data
   \plb_v46_v2_1_0.mpd line 83 
INFO:EDK:4130 - IPNAME: lmb_v10, INSTANCE:ilmb - tool is overriding PARAMETER
   C_LMB_NUM_SLAVES value to 1 -
   E:\Xilinx\14.5\ISE_DS\EDK\hw\XilinxProcessorIPLib\pcores\lmb_v10_v2_00_b\data
   \lmb_v10_v2_1_0.mpd line 82 
INFO:EDK:4130 - IPNAME: lmb_v10, INSTANCE:dlmb - tool is overriding PARAMETER
   C_LMB_NUM_SLAVES value to 1 -
   E:\Xilinx\14.5\ISE_DS\EDK\hw\XilinxProcessorIPLib\pcores\lmb_v10_v2_00_b\data
   \lmb_v10_v2_1_0.mpd line 82 
INFO:EDK:4130 - IPNAME: bram_block, INSTANCE:lmb_bram - tool is overriding
   PARAMETER C_MEMSIZE value to 0x10000 -
   E:\Xilinx\14.5\ISE_DS\EDK\hw\XilinxProcessorIPLib\pcores\bram_block_v1_00_a\d
   ata\bram_block_v2_1_0.mpd line 78 
INFO:EDK:4130 - IPNAME: xps_spi, INSTANCE:Generic_SPI - tool is overriding
   PARAMETER C_SPLB_NUM_MASTERS value to 2 -
   E:\Xilinx\14.5\ISE_DS\EDK\hw\XilinxProcessorIPLib\pcores\xps_spi_v2_02_a\data
   \xps_spi_v2_1_0.mpd line 84 
INFO:EDK:4130 - IPNAME: xps_uartlite, INSTANCE:RS232 - tool is overriding
   PARAMETER C_SPLB_NUM_MASTERS value to 2 -
   E:\Xilinx\14.5\ISE_DS\EDK\hw\XilinxProcessorIPLib\pcores\xps_uartlite_v1_02_a
   \data\xps_uartlite_v2_1_0.mpd line 84 
INFO:EDK:4130 - IPNAME: xps_gpio, INSTANCE:Generic_GPIO - tool is overriding
   PARAMETER C_SPLB_NUM_MASTERS value to 2 -
   E:\Xilinx\14.5\ISE_DS\EDK\hw\XilinxProcessorIPLib\pcores\xps_gpio_v2_00_a\dat
   a\xps_gpio_v2_1_0.mpd line 82 
INFO:EDK:4130 - IPNAME: mdm, INSTANCE:mdm_0 - tool is overriding PARAMETER
   C_SPLB_MID_WIDTH value to 1 -
   E:\Xilinx\14.5\ISE_DS\EDK\hw\XilinxProcessorIPLib\pcores\mdm_v2_10_a\data\mdm
   _v2_1_0.mpd line 118 
INFO:EDK:4130 - IPNAME: mdm, INSTANCE:mdm_0 - tool is overriding PARAMETER
   C_SPLB_NUM_MASTERS value to 2 -
   E:\Xilinx\14.5\ISE_DS\EDK\hw\XilinxProcessorIPLib\pcores\mdm_v2_10_a\data\mdm
   _v2_1_0.mpd line 119 

Checking platform address map ...

Initializing Memory...
Running Data2Mem with the following command:
data2mem -bm "implementation/spi_ctrl_bd" -p xc5vlx110tff1136-1 -bt
"implementation/spi_ctrl.bit"  -bd "bootloops/microblaze_0.elf" tag microblaze_0
 -o b implementation/download.bit 
Memory Initialization completed successfully.

